Build started 2017/6/12 11:19:04.
     1>Project "E:\vsfile\jinglun\SeetaFaceEngine\FaceAlignment\examples\FaceAlignment\FaceAlignment.vcxproj" on node 2 (Rebuild target(s)).
     1>ClCompile:
         C:\Program Files (x86)\Microsoft Visual Studio 12.0\VC\bin\x86_amd64\CL.exe /c /Zi /nologo /W3 /WX- /sdl /O2 /Oi /GL /D WIN32 /D NDEBUG /D _WINDOWS /D _USRDLL /D FACEALIGNMENT_EXPORTS /D _CRT_SECURE_NO_WARNINGS /D _WINDLL /D _UNICODE /D UNICODE /D NOMINMAX /Gm- /EHsc /MD /GS /Gy /fp:precise /Zc:wchar_t /Zc:forScope /Fo"x64\Release\\" /Fd"x64\Release\vc120.pdb" /Gd /TP /errorReport:prompt ..\..\src\cfan.cpp ..\..\src\face_alignment.cpp ..\..\src\sift.cpp
         cfan.cpp
     1>..\..\src\cfan.cpp(166): warning C4305: 'initializing' : truncation from 'double' to 'float'
     1>..\..\src\cfan.cpp(167): warning C4305: 'initializing' : truncation from 'double' to 'float'
     1>..\..\src\cfan.cpp(214): warning C4244: '=' : conversion from 'double' to 'float', possible loss of data
     1>..\..\src\cfan.cpp(247): warning C4244: '=' : conversion from 'double' to 'float', possible loss of data
     1>..\..\src\cfan.cpp(290): warning C4244: '=' : conversion from 'double' to 'float', possible loss of data
     1>..\..\src\cfan.cpp(323): warning C4244: '=' : conversion from 'double' to 'float', possible loss of data
     1>..\..\src\cfan.cpp(394): warning C4244: 'initializing' : conversion from 'double' to 'int', possible loss of data
     1>..\..\src\cfan.cpp(395): warning C4244: 'initializing' : conversion from 'double' to 'int', possible loss of data
         face_alignment.cpp
     1>..\..\src\face_alignment.cpp(46): warning C4273: 'seeta::FaceAlignment::FaceAlignment' : inconsistent dll linkage
                 E:\vsfile\jinglun\SeetaFaceEngine\FaceAlignment\include\face_alignment.h(49) : see previous definition of '{ctor}'
     1>..\..\src\face_alignment.cpp(59): warning C4273: 'seeta::FaceAlignment::PointDetectLandmarks' : inconsistent dll linkage
                 E:\vsfile\jinglun\SeetaFaceEngine\FaceAlignment\include\face_alignment.h(61) : see previous definition of 'PointDetectLandmarks'
     1>..\..\src\face_alignment.cpp(79): warning C4273: 'seeta::FaceAlignment::~FaceAlignment' : inconsistent dll linkage
                 E:\vsfile\jinglun\SeetaFaceEngine\FaceAlignment\include\face_alignment.h(54) : see previous definition of '{dtor}'
         sift.cpp
       Link:
         C:\Program Files (x86)\Microsoft Visual Studio 12.0\VC\bin\x86_amd64\link.exe /ERRORREPORT:PROMPT /OUT:"E:\vsfile\jinglun\SeetaFaceEngine\FaceAlignment\examples\x64\Release\FaceAlignment.dll" /INCREMENTAL:NO /NOLOGO opencv_objdetect249.lib opencv_ts249.lib opencv_video249.lib opencv_nonfree249.lib opencv_ocl249.lib opencv_photo249.lib opencv_stitching249.lib opencv_superres249.lib opencv_videostab249.lib opencv_calib3d249.lib opencv_contrib249.lib opencv_core249.lib opencv_features2d249.lib opencv_flann249.lib opencv_gpu249.lib opencv_highgui249.lib opencv_imgproc249.lib opencv_legacy249.lib opencv_ml249.lib kernel32.lib user32.lib gdi32.lib winspool.lib comdlg32.lib advapi32.lib shell32.lib ole32.lib oleaut32.lib uuid.lib odbc32.lib odbccp32.lib /MANIFEST /MANIFESTUAC:"level='asInvoker' uiAccess='false'" /manifest:embed /DEBUG /PDB:"E:\vsfile\jinglun\SeetaFaceEngine\FaceAlignment\examples\x64\Release\FaceAlignment.pdb" /SUBSYSTEM:WINDOWS /OPT:REF /OPT:ICF /LTCG /TLBID:1 /DYNAMICBASE /NXCOMPAT /IMPLIB:"E:\vsfile\jinglun\SeetaFaceEngine\FaceAlignment\examples\x64\Release\FaceAlignment.lib" /MACHINE:X64 /DLL x64\Release\cfan.obj
         x64\Release\face_alignment.obj
         x64\Release\sift.obj
            Creating library E:\vsfile\jinglun\SeetaFaceEngine\FaceAlignment\examples\x64\Release\FaceAlignment.lib and object E:\vsfile\jinglun\SeetaFaceEngine\FaceAlignment\examples\x64\Release\FaceAlignment.exp
         Generating code
         Finished generating code
         FaceAlignment.vcxproj -> E:\vsfile\jinglun\SeetaFaceEngine\FaceAlignment\examples\x64\Release\FaceAlignment.dll
     1>Done Building Project "E:\vsfile\jinglun\SeetaFaceEngine\FaceAlignment\examples\FaceAlignment\FaceAlignment.vcxproj" (Rebuild target(s)).

Build succeeded.

Time Elapsed 00:00:02.67
